<?xml version="1.0" encoding="UTF-8"?>
<!-- Generated by org.testng.reporters.JUnitReportReporter -->
<testsuite hostname="DESKTOP-9T2FQUE" failures="0" tests="1" name="TestCase1" time="17.870" errors="0" timestamp="2020-04-10T19:10:47 CEST" skipped="0">
  <testcase classname="TestCase1" name="FaceBookTestSignUp" time="17.870"/>
  <system-out/>
</testsuite> <!-- TestCase1 -->
